TN:
SF:scan/src/annotations.ts
FN:26,getQodanaHelpString
FN:55,publishAnnotations
FN:122,parseResult
FN:145,(anonymous_20)
FN:163,parseSarif
FN:174,(anonymous_22)
FN:178,(anonymous_23)
FN:179,(anonymous_24)
FN:200,getGitHubCheckConclusion
FN:207,(anonymous_26)
FN:222,toAnnotationProperties
FNF:11
FNH:0
FNDA:0,getQodanaHelpString
FNDA:0,publishAnnotations
FNDA:0,parseResult
FNDA:0,(anonymous_20)
FNDA:0,parseSarif
FNDA:0,(anonymous_22)
FNDA:0,(anonymous_23)
FNDA:0,(anonymous_24)
FNDA:0,getGitHubCheckConclusion
FNDA:0,(anonymous_26)
FNDA:0,toAnnotationProperties
DA:18,1
DA:20,1
DA:22,1
DA:23,1
DA:24,1
DA:27,0
DA:29,1
DA:30,1
DA:31,1
DA:32,1
DA:33,1
DA:34,1
DA:35,1
DA:55,1
DA:61,0
DA:62,0
DA:64,0
DA:65,0
DA:66,0
DA:67,0
DA:75,0
DA:78,0
DA:82,0
DA:83,0
DA:84,0
DA:86,0
DA:87,0
DA:89,0
DA:90,0
DA:92,0
DA:126,0
DA:131,0
DA:133,0
DA:134,0
DA:135,0
DA:146,0
DA:148,0
DA:150,0
DA:152,0
DA:163,1
DA:164,0
DA:167,0
DA:168,0
DA:169,0
DA:170,0
DA:171,0
DA:172,0
DA:175,0
DA:178,0
DA:179,0
DA:180,0
DA:184,0
DA:185,0
DA:186,0
DA:200,1
DA:204,0
DA:205,0
DA:207,0
DA:208,0
DA:213,0
DA:215,0
DA:222,1
DA:223,0
LF:63
LH:16
BRDA:61,0,0,0
BRDA:61,0,1,0
BRDA:65,1,0,0
BRDA:65,1,1,0
BRDA:84,2,0,0
BRDA:84,2,1,0
BRDA:84,2,2,0
BRDA:126,3,0,0
BRDA:126,3,1,0
BRDA:127,4,0,0
BRDA:127,4,1,0
BRDA:127,4,2,0
BRDA:136,5,0,0
BRDA:136,5,1,0
BRDA:136,6,0,0
BRDA:136,6,1,0
BRDA:137,7,0,0
BRDA:137,7,1,0
BRDA:137,8,0,0
BRDA:137,8,1,0
BRDA:139,9,0,0
BRDA:139,9,1,0
BRDA:139,10,0,0
BRDA:139,10,1,0
BRDA:139,11,0,0
BRDA:139,11,1,0
BRDA:140,12,0,0
BRDA:140,12,1,0
BRDA:140,12,2,0
BRDA:140,13,0,0
BRDA:140,13,1,0
BRDA:140,14,0,0
BRDA:140,14,1,0
BRDA:140,15,0,0
BRDA:140,15,1,0
BRDA:140,16,0,0
BRDA:140,16,1,0
BRDA:142,17,0,0
BRDA:142,17,1,0
BRDA:142,18,0,0
BRDA:142,18,1,0
BRDA:142,19,0,0
BRDA:142,19,1,0
BRDA:142,20,0,0
BRDA:142,20,1,0
BRDA:142,21,0,0
BRDA:142,21,1,0
BRDA:142,22,0,0
BRDA:142,22,1,0
BRDA:142,23,0,0
BRDA:142,23,1,0
BRDA:144,24,0,0
BRDA:144,24,1,0
BRDA:144,25,0,0
BRDA:144,25,1,0
BRDA:144,26,0,0
BRDA:144,26,1,0
BRDA:144,27,0,0
BRDA:144,27,1,0
BRDA:144,28,0,0
BRDA:144,28,1,0
BRDA:144,29,0,0
BRDA:144,29,1,0
BRDA:144,30,0,0
BRDA:144,30,1,0
BRDA:146,31,0,0
BRDA:146,31,1,0
BRDA:146,31,2,0
BRDA:171,32,0,0
BRDA:171,32,1,0
BRDA:171,33,0,0
BRDA:171,33,1,0
BRDA:171,34,0,0
BRDA:171,34,1,0
BRDA:175,35,0,0
BRDA:175,35,1,0
BRDA:179,36,0,0
BRDA:179,36,1,0
BRDA:184,37,0,0
BRDA:184,37,1,0
BRDA:204,38,0,0
BRDA:204,38,1,0
BRDA:208,39,0,0
BRDA:208,39,1,0
BRDA:209,40,0,0
BRDA:209,40,1,0
BRDA:209,40,2,0
BRDA:226,41,0,0
BRDA:226,41,1,0
BRDA:227,42,0,0
BRDA:227,42,1,0
BRF:91
BRH:0
end_of_record
TN:
SF:scan/src/output.ts
FN:79,publishOutput
FN:141,annotationsToProblemDescriptors
FN:145,(anonymous_19)
FN:148,(anonymous_20)
FN:166,prFixesBody
FNF:5
FNH:0
FNDA:0,publishOutput
FNDA:0,annotationsToProblemDescriptors
FNDA:0,(anonymous_19)
FNDA:0,(anonymous_20)
FNDA:0,prFixesBody
DA:18,1
DA:19,1
DA:25,1
DA:31,1
DA:38,1
DA:51,1
DA:52,1
DA:79,1
DA:89,0
DA:90,0
DA:92,0
DA:93,0
DA:94,0
DA:95,0
DA:100,0
DA:102,0
DA:105,0
DA:106,0
DA:120,0
DA:121,0
DA:133,0
DA:141,1
DA:144,0
DA:146,0
DA:149,0
DA:151,0
DA:153,0
DA:155,0
DA:166,1
DA:167,0
LF:30
LH:10
BRDA:89,0,0,0
BRDA:89,0,1,0
BRDA:105,1,0,0
BRDA:105,1,1,0
BRDA:105,2,0,0
BRDA:105,2,1,0
BRDA:120,3,0,0
BRDA:120,3,1,0
BRDA:145,4,0,0
BRDA:145,4,1,0
BRDA:145,5,0,0
BRDA:145,5,1,0
BRDA:145,6,0,0
BRDA:145,6,1,0
BRDA:145,7,0,0
BRDA:145,7,1,0
BRDA:149,8,0,0
BRDA:149,8,1,0
BRDA:149,8,2,0
BRF:19
BRH:0
end_of_record
