TN:
SF:scan/src/annotations.ts
FN:27,getQodanaHelpString
FN:56,publishAnnotations
FN:124,parseResult
FN:150,(anonymous_20)
FN:168,parseSarif
FN:180,(anonymous_22)
FN:184,(anonymous_23)
FN:185,(anonymous_24)
FN:206,getGitHubCheckConclusion
FN:213,(anonymous_26)
FN:228,toAnnotationProperties
FNF:11
FNH:0
FNDA:0,getQodanaHelpString
FNDA:0,publishAnnotations
FNDA:0,parseResult
FNDA:0,(anonymous_20)
FNDA:0,parseSarif
FNDA:0,(anonymous_22)
FNDA:0,(anonymous_23)
FNDA:0,(anonymous_24)
FNDA:0,getGitHubCheckConclusion
FNDA:0,(anonymous_26)
FNDA:0,toAnnotationProperties
DA:18,4
DA:20,4
DA:22,4
DA:23,4
DA:24,4
DA:25,4
DA:28,0
DA:30,4
DA:31,4
DA:32,4
DA:33,4
DA:34,4
DA:35,4
DA:36,4
DA:56,4
DA:62,0
DA:63,0
DA:65,0
DA:66,0
DA:67,0
DA:68,0
DA:76,0
DA:79,0
DA:83,0
DA:84,0
DA:85,0
DA:87,0
DA:88,0
DA:90,0
DA:91,0
DA:93,0
DA:129,0
DA:134,0
DA:136,0
DA:137,0
DA:138,0
DA:139,0
DA:140,0
DA:151,0
DA:153,0
DA:155,0
DA:157,0
DA:168,4
DA:169,0
DA:172,0
DA:173,0
DA:174,0
DA:175,0
DA:176,0
DA:177,0
DA:178,0
DA:181,0
DA:184,0
DA:185,0
DA:186,0
DA:190,0
DA:191,0
DA:192,0
DA:206,4
DA:210,0
DA:211,0
DA:213,0
DA:214,0
DA:219,0
DA:221,0
DA:228,4
DA:229,0
LF:67
LH:17
BRDA:62,0,0,0
BRDA:62,0,1,0
BRDA:66,1,0,0
BRDA:66,1,1,0
BRDA:85,2,0,0
BRDA:85,2,1,0
BRDA:85,2,2,0
BRDA:129,3,0,0
BRDA:129,3,1,0
BRDA:130,4,0,0
BRDA:130,4,1,0
BRDA:130,4,2,0
BRDA:138,5,0,0
BRDA:138,5,1,0
BRDA:139,6,0,0
BRDA:139,6,1,0
BRDA:139,7,0,0
BRDA:139,7,1,0
BRDA:141,8,0,0
BRDA:141,8,1,0
BRDA:141,9,0,0
BRDA:141,9,1,0
BRDA:142,10,0,0
BRDA:142,10,1,0
BRDA:142,11,0,0
BRDA:142,11,1,0
BRDA:144,12,0,0
BRDA:144,12,1,0
BRDA:144,13,0,0
BRDA:144,13,1,0
BRDA:144,14,0,0
BRDA:144,14,1,0
BRDA:145,15,0,0
BRDA:145,15,1,0
BRDA:145,15,2,0
BRDA:145,16,0,0
BRDA:145,16,1,0
BRDA:145,17,0,0
BRDA:145,17,1,0
BRDA:145,18,0,0
BRDA:145,18,1,0
BRDA:145,19,0,0
BRDA:145,19,1,0
BRDA:147,20,0,0
BRDA:147,20,1,0
BRDA:147,21,0,0
BRDA:147,21,1,0
BRDA:147,22,0,0
BRDA:147,22,1,0
BRDA:147,23,0,0
BRDA:147,23,1,0
BRDA:147,24,0,0
BRDA:147,24,1,0
BRDA:147,25,0,0
BRDA:147,25,1,0
BRDA:147,26,0,0
BRDA:147,26,1,0
BRDA:149,27,0,0
BRDA:149,27,1,0
BRDA:149,28,0,0
BRDA:149,28,1,0
BRDA:149,29,0,0
BRDA:149,29,1,0
BRDA:149,30,0,0
BRDA:149,30,1,0
BRDA:149,31,0,0
BRDA:149,31,1,0
BRDA:149,32,0,0
BRDA:149,32,1,0
BRDA:149,33,0,0
BRDA:149,33,1,0
BRDA:151,34,0,0
BRDA:151,34,1,0
BRDA:151,34,2,0
BRDA:174,35,0,0
BRDA:174,35,1,0
BRDA:174,36,0,0
BRDA:174,36,1,0
BRDA:177,37,0,0
BRDA:177,37,1,0
BRDA:177,38,0,0
BRDA:177,38,1,0
BRDA:177,39,0,0
BRDA:177,39,1,0
BRDA:181,40,0,0
BRDA:181,40,1,0
BRDA:185,41,0,0
BRDA:185,41,1,0
BRDA:190,42,0,0
BRDA:190,42,1,0
BRDA:210,43,0,0
BRDA:210,43,1,0
BRDA:214,44,0,0
BRDA:214,44,1,0
BRDA:215,45,0,0
BRDA:215,45,1,0
BRDA:215,45,2,0
BRDA:232,46,0,0
BRDA:232,46,1,0
BRDA:233,47,0,0
BRDA:233,47,1,0
BRF:101
BRH:0
end_of_record
TN:
SF:scan/src/output.ts
FN:81,publishOutput
FN:151,annotationsToProblemDescriptors
FN:155,(anonymous_19)
FN:158,(anonymous_20)
FN:176,prFixesBody
FNF:5
FNH:0
FNDA:0,publishOutput
FNDA:0,annotationsToProblemDescriptors
FNDA:0,(anonymous_19)
FNDA:0,(anonymous_20)
FNDA:0,prFixesBody
DA:18,4
DA:19,4
DA:26,4
DA:33,4
DA:40,4
DA:53,4
DA:54,4
DA:81,4
DA:91,0
DA:92,0
DA:94,0
DA:95,0
DA:96,0
DA:97,0
DA:100,0
DA:105,0
DA:107,0
DA:110,0
DA:111,0
DA:126,0
DA:127,0
DA:143,0
DA:151,4
DA:154,0
DA:156,0
DA:159,0
DA:161,0
DA:163,0
DA:165,0
DA:176,4
DA:177,0
LF:31
LH:10
BRDA:91,0,0,0
BRDA:91,0,1,0
BRDA:110,1,0,0
BRDA:110,1,1,0
BRDA:110,2,0,0
BRDA:110,2,1,0
BRDA:126,3,0,0
BRDA:126,3,1,0
BRDA:155,4,0,0
BRDA:155,4,1,0
BRDA:155,5,0,0
BRDA:155,5,1,0
BRDA:155,6,0,0
BRDA:155,6,1,0
BRDA:155,7,0,0
BRDA:155,7,1,0
BRDA:159,8,0,0
BRDA:159,8,1,0
BRDA:159,8,2,0
BRF:19
BRH:0
end_of_record
TN:
SF:scan/src/sarifPaths.ts
FN:23,resolveUriBaseIdImpl
FN:48,resolveUriBaseId
FN:60,resolveLocationUri
FNF:3
FNH:0
FNDA:0,resolveUriBaseIdImpl
FNDA:0,resolveUriBaseId
FNDA:0,resolveLocationUri
DA:28,0
DA:29,0
DA:31,0
DA:33,0
DA:34,0
DA:36,0
DA:37,0
DA:39,0
DA:45,0
DA:48,4
DA:52,0
DA:53,0
DA:55,0
DA:56,0
DA:60,4
DA:64,0
DA:65,0
DA:66,0
DA:68,0
DA:70,0
LF:20
LH:2
BRDA:28,0,0,0
BRDA:28,0,1,0
BRDA:34,1,0,0
BRDA:34,1,1,0
BRDA:36,2,0,0
BRDA:36,2,1,0
BRDA:36,3,0,0
BRDA:36,3,1,0
BRDA:39,4,0,0
BRDA:39,4,1,0
BRDA:45,5,0,0
BRDA:45,5,1,0
BRDA:45,6,0,0
BRDA:45,6,1,0
BRDA:55,7,0,0
BRDA:55,7,1,0
BRDA:64,8,0,0
BRDA:64,8,1,0
BRDA:64,9,0,0
BRDA:64,9,1,0
BRDA:65,10,0,0
BRDA:65,10,1,0
BRDA:65,11,0,0
BRDA:65,11,1,0
BRDA:70,12,0,0
BRDA:70,12,1,0
BRF:26
BRH:0
end_of_record
